[debug] [2020-12-22T17:46:04.271Z] ----------------------------------------------------------------------
[debug] [2020-12-22T17:46:04.272Z] Command:       /home/darcdev/.nvm/versions/node/v14.0.0/bin/node /home/darcdev/.nvm/versions/node/v14.0.0/bin/firebase init hosting
[debug] [2020-12-22T17:46:04.273Z] CLI Version:   8.16.2
[debug] [2020-12-22T17:46:04.273Z] Platform:      linux
[debug] [2020-12-22T17:46:04.273Z] Node Version:  v14.0.0
[debug] [2020-12-22T17:46:04.273Z] Time:          Tue Dec 22 2020 12:46:04 GMT-0500 (hora estándar de Colombia)
[debug] [2020-12-22T17:46:04.273Z] ----------------------------------------------------------------------
[debug] [2020-12-22T17:46:04.273Z] 
[debug] [2020-12-22T17:46:04.274Z] >>> [apiv2][query] GET https://firebase-public.firebaseio.com/cli.json [none]
[debug] [2020-12-22T17:46:04.285Z] > command requires scopes: ["email","openid","https://www.googleapis.com/auth/cloudplatformprojects.readonly","https://www.googleapis.com/auth/firebase","https://www.googleapis.com/auth/cloud-platform"]
[debug] [2020-12-22T17:46:04.286Z] > authorizing via signed-in user
[info] 
     ######## #### ########  ######## ########     ###     ######  ########
     ##        ##  ##     ## ##       ##     ##  ##   ##  ##       ##
     ######    ##  ########  ######   ########  #########  ######  ######
     ##        ##  ##    ##  ##       ##     ## ##     ##       ## ##
     ##       #### ##     ## ######## ########  ##     ##  ######  ########

You're about to initialize a Firebase project in this directory:

  /media/darcdev/Archivos/Usuario/1-ESTUDIO/DESARROLLO/UDEMY/React - principiante a experto/Proyectos/product-hunt

Before we get started, keep in mind:

  * You are currently outside your home directory

[info] 
=== Project Setup
[info] 
[info] First, let's associate this project directory with a Firebase project.
[info] You can create multiple project aliases by running firebase use --add, 
[info] but for now we'll just set up a default project.
[info] 
[debug] [2020-12-22T17:46:04.959Z] <<< [apiv2][status] GET https://firebase-public.firebaseio.com/cli.json 200
[debug] [2020-12-22T17:46:04.960Z] <<< [apiv2][body] GET https://firebase-public.firebaseio.com/cli.json {"cloudBuildErrorAfter":1594252800000,"cloudBuildWarnAfter":1590019200000,"defaultNode10After":1594252800000,"minVersion":"3.0.5","node8DeploysDisabledAfter":1613390400000,"node8RuntimeDisabledAfter":1615809600000,"node8WarnAfter":1600128000000}
